<?xml version="1.0" encoding="UTF-8"?>
<!-- Generated by org.testng.reporters.JUnitReportReporter -->
<testsuite hostname="DESKTOP-SCKABHO" failures="0" tests="1" name="testclass.DropDownHighLowTesting" time="15.501" errors="0" timestamp="2023-01-29T08:48:14 BDT" skipped="0">
  <testcase classname="testclass.DropDownHighLowTesting" name="dropDownTesting" time="15.501"/>
  <system-out/>
</testsuite> <!-- testclass.DropDownHighLowTesting -->
