<?xml version="1.0" encoding="UTF-8"?>
<!-- Generated by org.testng.reporters.JUnitReportReporter -->
<testsuite hostname="DESKTOP-SCKABHO" failures="0" tests="1" name="testclass.HoverNavbarTesting" time="10.565" errors="0" timestamp="2023-01-29T08:48:14 BDT" skipped="0">
  <testcase classname="testclass.HoverNavbarTesting" name="hoverTesting" time="10.565"/>
  <system-out/>
</testsuite> <!-- testclass.HoverNavbarTesting -->
