<?xml version="1.0" encoding="UTF-8"?>
<!-- Generated by org.testng.reporters.JUnitReportReporter -->
<testsuite hostname="DESKTOP-SCKABHO" failures="0" tests="1" name="testclass.SignUpTesting" time="13.664" errors="0" timestamp="2023-01-29T08:48:14 BDT" skipped="0">
  <testcase classname="testclass.SignUpTesting" name="signupTesting" time="13.664"/>
  <system-out/>
</testsuite> <!-- testclass.SignUpTesting -->
